Thread processing: I:\TNS\26_03_11 -> Activated
Error processing BRST2929_74024046.eml: class jakarta.mail.internet.MimeMessage cannot be cast to class jakarta.mail.internet.MimeBodyPart (jakarta.mail.internet.MimeMessage and jakarta.mail.internet.MimeBodyPart are in unnamed module of loader 'app')
Error processing MS163758_62764685.eml: E:\Harvester Data\Input\HTTP\MS163758_62764685.eml (The process cannot access the file because it is being used by another process)
Error processing MS274107_88337990.eml: E:\Harvester Data\Input\HTTP\MS274107_88337990.eml (The process cannot access the file because it is being used by another process)
Error processing MS358584_45298115.eml: E:\Harvester Data\Input\HTTP\MS358584_45298115.eml (The process cannot access the file because it is being used by another process)
Error processing MS914307_03157073.eml: E:\Harvester Data\Input\HTTP\MS914307_03157073.eml (The process cannot access the file because it is being used by another process)
Error processing NoSTO326_30363956.eml: class jakarta.mail.util.SharedByteArrayInputStream cannot be cast to class jakarta.mail.Multipart (jakarta.mail.util.SharedByteArrayInputStream and jakarta.mail.Multipart are in unnamed module of loader 'app')
Error processing OK049888_49287565.eml: class jakarta.mail.internet.MimeMessage cannot be cast to class jakarta.mail.internet.MimeBodyPart (jakarta.mail.internet.MimeMessage and jakarta.mail.internet.MimeBodyPart are in unnamed module of loader 'app')
Error processing OK081233_46709698.eml: E:\Harvester Data\Input\HTTP\OK081233_46709698.eml (The process cannot access the file because it is being used by another process)
Error processing OK081233_46710320.eml: class jakarta.mail.util.SharedByteArrayInputStream cannot be cast to class jakarta.mail.Multipart (jakarta.mail.util.SharedByteArrayInputStream and jakarta.mail.Multipart are in unnamed module of loader 'app')
Error processing OK081233_46711723.eml: E:\Harvester Data\Input\HTTP\OK081233_46711723.eml (The process cannot access the file because it is being used by another process)
Error processing OK081233_46711621.eml: class jakarta.mail.util.SharedByteArrayInputStream cannot be cast to class jakarta.mail.Multipart (jakarta.mail.util.SharedByteArrayInputStream and jakarta.mail.Multipart are in unnamed module of loader 'app')
Error processing OK081672_42530729.eml: E:\Harvester Data\Input\HTTP\OK081672_42530729.eml (The process cannot access the file because it is being used by another process)
Error processing OK140065_24063862.eml: E:\Harvester Data\Input\HTTP\OK140065_24063862.eml (The process cannot access the file because it is being used by another process)
Error processing OK162929_74023083.eml: class jakarta.mail.internet.MimeMessage cannot be cast to class jakarta.mail.internet.MimeBodyPart (jakarta.mail.internet.MimeMessage and jakarta.mail.internet.MimeBodyPart are in unnamed module of loader 'app')
Error processing OK163758_62763661.eml: class jakarta.mail.internet.MimeMessage cannot be cast to class jakarta.mail.internet.MimeBodyPart (jakarta.mail.internet.MimeMessage and jakarta.mail.internet.MimeBodyPart are in unnamed module of loader 'app')
Error processing OK163758_62763662.eml: class jakarta.mail.internet.MimeMessage cannot be cast to class jakarta.mail.internet.MimeBodyPart (jakarta.mail.internet.MimeMessage and jakarta.mail.internet.MimeBodyPart are in unnamed module of loader 'app')
Error processing OK163758_62764571.eml: E:\Harvester Data\Input\HTTP\OK163758_62764571.eml (The process cannot access the file because it is being used by another process)
Error processing OK163758_62764569.eml: class jakarta.mail.internet.MimeMessage cannot be cast to class jakarta.mail.internet.MimeBodyPart (jakarta.mail.internet.MimeMessage and jakarta.mail.internet.MimeBodyPart are in unnamed module of loader 'app')
Error processing OK163758_62764673.eml: class jakarta.mail.internet.MimeMessage cannot be cast to class jakarta.mail.internet.MimeBodyPart (jakarta.mail.internet.MimeMessage and jakarta.mail.internet.MimeBodyPart are in unnamed module of loader 'app')
Error processing OK163758_62764681.eml: class jakarta.mail.internet.MimeMessage cannot be cast to class jakarta.mail.internet.MimeBodyPart (jakarta.mail.internet.MimeMessage and jakarta.mail.internet.MimeBodyPart are in unnamed module of loader 'app')
Error processing OK163758_62765322.eml: class jakarta.mail.internet.MimeMessage cannot be cast to class jakarta.mail.internet.MimeBodyPart (jakarta.mail.internet.MimeMessage and jakarta.mail.internet.MimeBodyPart are in unnamed module of loader 'app')
Error processing OK163758_62764682.eml: class jakarta.mail.internet.MimeMessage cannot be cast to class jakarta.mail.internet.MimeBodyPart (jakarta.mail.internet.MimeMessage and jakarta.mail.internet.MimeBodyPart are in unnamed module of loader 'app')
Error processing OK163758_62765204.eml: class jakarta.mail.internet.MimeMessage cannot be cast to class jakarta.mail.internet.MimeBodyPart (jakarta.mail.internet.MimeMessage and jakarta.mail.internet.MimeBodyPart are in unnamed module of loader 'app')
Error processing OK163758_62764679.eml: class jakarta.mail.internet.MimeMessage cannot be cast to class jakarta.mail.internet.MimeBodyPart (jakarta.mail.internet.MimeMessage and jakarta.mail.internet.MimeBodyPart are in unnamed module of loader 'app')
Error processing OK208590_01582669.eml: class jakarta.mail.util.SharedByteArrayInputStream cannot be cast to class jakarta.mail.Multipart (jakarta.mail.util.SharedByteArrayInputStream and jakarta.mail.Multipart are in unnamed module of loader 'app')
Error processing OK208590_01583438.eml: E:\Harvester Data\Input\HTTP\OK208590_01583438.eml (The process cannot access the file because it is being used by another process)
Error processing OK208590_01583252.eml: class jakarta.mail.internet.MimeMessage cannot be cast to class jakarta.mail.internet.MimeBodyPart (jakarta.mail.internet.MimeMessage and jakarta.mail.internet.MimeBodyPart are in unnamed module of loader 'app')
Error processing OK208590_01583243.eml: class jakarta.mail.internet.MimeMessage cannot be cast to class jakarta.mail.internet.MimeBodyPart (jakarta.mail.internet.MimeMessage and jakarta.mail.internet.MimeBodyPart are in unnamed module of loader 'app')
Error processing OK208590_01582671.eml: class jakarta.mail.util.SharedByteArrayInputStream cannot be cast to class jakarta.mail.Multipart (jakarta.mail.util.SharedByteArrayInputStream and jakarta.mail.Multipart are in unnamed module of loader 'app')
